This is pdfTeX, Version 3.14159265-2.6-1.40.21 (MiKTeX 20.7) (preloaded format=pdflatex 2020.9.24)  22 FEB 2021 21:17
entering extended mode
**d:/Stefan/Schule/HTL/Diplomarbeit/git/Fehlerbericht-Conrad/Fehlerbreicht.tex
(d:/Stefan/Schule/HTL/Diplomarbeit/git/Fehlerbericht-Conrad/Fehlerbreicht.tex
LaTeX2e <2020-02-02> patch level 5
L3 programming layer <2020-09-03> (C:\Users\Stefan\AppData\Roaming\MiKTeX\2.9\tex/latex/koma-script\scrartcl.cls
Document Class: scrartcl 2020/07/22 v3.31 KOMA-Script document class (article)
(C:\Users\Stefan\AppData\Roaming\MiKTeX\2.9\tex/latex/koma-script\scrkbase.sty
Package: scrkbase 2020/07/22 v3.31 KOMA-Script package (KOMA-Script-dependent basics and keyval usage)
 (C:\Users\Stefan\AppData\Roaming\MiKTeX\2.9\tex/latex/koma-script\scrbase.sty
Package: scrbase 2020/07/22 v3.31 KOMA-Script package (KOMA-Script-independent basics and keyval usage)
 ("C:\Program Files\MiKTeX 2.9\tex/latex/graphics\keyval.sty"
Package: keyval 2014/10/28 v1.15 key=value parser (DPC)
\KV@toks@=\toks15
) (C:\Users\Stefan\AppData\Roaming\MiKTeX\2.9\tex/latex/koma-script\scrlfile.sty
Package: scrlfile 2020/07/22 v3.31 KOMA-Script package (loading files)
))) (C:\Users\Stefan\AppData\Roaming\MiKTeX\2.9\tex/latex/koma-script\tocbasic.sty
Package: tocbasic 2020/07/22 v3.31 KOMA-Script package (handling toc-files)
\scr@dte@tocline@numberwidth=\skip47
\scr@dte@tocline@numbox=\box45
)
Package tocbasic Info: babel extension for `toc' omitted
(tocbasic)             because of missing \bbl@set@language on input line 135.
Package scrartcl Info: You've used standard option `12pt'.
(scrartcl)             This is correct!
(scrartcl)             Internally I'm using `fontsize=12pt'.
(scrartcl)             If you'd like to set the option with \KOMAoptions,
(scrartcl)             you'd have to use `fontsize=12pt' there
(scrartcl)             instead of `12pt', too.
 ("C:\Program Files\MiKTeX 2.9\tex/latex/base\fleqn.clo"
File: fleqn.clo 2016/12/29 v1.2b Standard LaTeX option (flush left equations)
\mathindent=\dimen134
Applying: [2015/01/01] Make \[ robust on input line 50.
LaTeX Info: Redefining \[ on input line 51.
Already applied: [0000/00/00] Make \[ robust on input line 62.
Applying: [2015/01/01] Make \] robust on input line 74.
LaTeX Info: Redefining \] on input line 75.
Already applied: [0000/00/00] Make \] robust on input line 83.
)

Class scrartcl Warning: You've used obsolete option `liststotocnumbered'.
(scrartcl)              Usage of this option indicates an old document
(scrartcl)              and changes compatibility level using
(scrartcl)              `listof=numbered,version=first,
(scrartcl)              enabledeprecatedfontcommands' that may result
(scrartcl)              in further warnings.
(scrartcl)              If you don't want this, you should simply
(scrartcl)              replace option `liststotocnumbered' by `listof=numbered'.

Class scrartcl Info: Switching compatibility level to `first'.

Class scrartcl Warning: deprecated option `enabledeprecatedfontcommands'.
(scrartcl)              Note, that this option was already depreacted when
(scrartcl)              it has been defined. Support for old font commands
(scrartcl)              has been removed from KOMA-Script more than one
(scrartcl)              decade ago. It is not recommended to use them any
(scrartcl)              longer. Therefore usage of this class option also
(scrartcl)              is not recommended.


Class scrartcl Warning: You've used obsolete option `bibtotocnumbered'.
(scrartcl)              Usage of this option indicates an old document
(scrartcl)              and changes compatibility level using
(scrartcl)              `bibliography=totocnumbered,version=first,
(scrartcl)              enabledeprecatedfontcommands' that may result
(scrartcl)              in further warnings.
(scrartcl)              If you don't want this, you should simply
(scrartcl)              replace option `bibtotocnumbered' by `bibliography=totocnumbered'.

Class scrartcl Info: Switching compatibility level to `first'.

Class scrartcl Warning: deprecated option `enabledeprecatedfontcommands'.
(scrartcl)              Note, that this option was already depreacted when
(scrartcl)              it has been defined. Support for old font commands
(scrartcl)              has been removed from KOMA-Script more than one
(scrartcl)              decade ago. It is not recommended to use them any
(scrartcl)              longer. Therefore usage of this class option also
(scrartcl)              is not recommended.

Class scrartcl Info: File `scrsize12pt.clo' used to setup font sizes on input line 2221.
(C:\Users\Stefan\AppData\Roaming\MiKTeX\2.9\tex/latex/koma-script\scrsize12pt.clo
File: scrsize12pt.clo 2020/07/22 v3.31 KOMA-Script font size class option (12pt)
) (C:\Users\Stefan\AppData\Roaming\MiKTeX\2.9\tex/latex/koma-script\typearea.sty
Package: typearea 2020/07/22 v3.31 KOMA-Script package (type area)
\ta@bcor=\skip48
\ta@div=\count168
Package typearea Info: You've used standard option `a4paper'.
(typearea)             This is correct!
(typearea)             Internally I'm using `paper=a4'.
(typearea)             If you'd like to set the option with \KOMAoptions,
(typearea)             you'd have to use `paper=a4' there
(typearea)             instead of `a4paper', too.
\ta@hblk=\skip49
\ta@vblk=\skip50
\ta@temp=\skip51
\footheight=\skip52
Package typearea Info: These are the values describing the layout:
(typearea)             DIV  = 12
(typearea)             BCOR = 0.0pt
(typearea)             \paperwidth      = 597.50793pt
(typearea)              \textwidth      = 448.13095pt
(typearea)              DIV departure   = -6%
(typearea)              \evensidemargin = 2.4185pt
(typearea)              \oddsidemargin  = 2.4185pt
(typearea)             \paperheight     = 845.04694pt
(typearea)              \textheight     = 635.5pt
(typearea)              \topmargin      = -41.72441pt
(typearea)              \headheight     = 18.125pt
(typearea)              \headsep        = 21.75pt
(typearea)              \topskip        = 12.0pt
(typearea)              \footskip       = 50.75pt
(typearea)              \baselineskip   = 14.5pt
(typearea)              on input line 1739.
)
\c@part=\count169
\c@section=\count170
\c@subsection=\count171
\c@subsubsection=\count172
\c@paragraph=\count173
\c@subparagraph=\count174
\scr@dte@section@maxnumwidth=\skip53
Class scrartcl Info: using compatibility default `runin=bysign'
(scrartcl)           for `\section on input line 4794.
Class scrartcl Info: using compatibility default `afterindent=bysign'
(scrartcl)           for `\section on input line 4794.
\scr@dte@part@maxnumwidth=\skip54
Class scrartcl Info: using compatibility default `afterindent=false'
(scrartcl)           for `\part on input line 4802.
\scr@dte@subsection@maxnumwidth=\skip55
Class scrartcl Info: using compatibility default `runin=bysign'
(scrartcl)           for `\subsection on input line 4812.
Class scrartcl Info: using compatibility default `afterindent=bysign'
(scrartcl)           for `\subsection on input line 4812.
\scr@dte@subsubsection@maxnumwidth=\skip56
Class scrartcl Info: using compatibility default `runin=bysign'
(scrartcl)           for `\subsubsection on input line 4822.
Class scrartcl Info: using compatibility default `afterindent=bysign'
(scrartcl)           for `\subsubsection on input line 4822.
\scr@dte@paragraph@maxnumwidth=\skip57
Class scrartcl Info: using compatibility default `runin=bysign'
(scrartcl)           for `\paragraph on input line 4833.
Class scrartcl Info: using compatibility default `afterindent=bysign'
(scrartcl)           for `\paragraph on input line 4833.
\scr@dte@subparagraph@maxnumwidth=\skip58
Class scrartcl Info: using compatibility default `runin=bysign'
(scrartcl)           for `\subparagraph on input line 4843.
Class scrartcl Info: using compatibility default `afterindent=bysign'
(scrartcl)           for `\subparagraph on input line 4843.
\abovecaptionskip=\skip59
\belowcaptionskip=\skip60
\c@pti@nb@sid@b@x=\box46
Package tocbasic Info: babel extension for `lof' omitted
(tocbasic)             because of missing \bbl@set@language on input line 6075.
\scr@dte@figure@maxnumwidth=\skip61
\c@figure=\count175
Package tocbasic Info: babel extension for `lot' omitted
(tocbasic)             because of missing \bbl@set@language on input line 6087.
\scr@dte@table@maxnumwidth=\skip62
\c@table=\count176
Class scrartcl Info: Using old \@makefntext due to compatibility level
(scrartcl)           less than 3.22 on input line 6238.
Class scrartcl Info: Redefining `\numberline' on input line 6251.
\bibindent=\dimen135
) (C:/miktex\tex/latex/htl\htl.sty (C:/miktex\tex/latex/htl\htlstp.sty ("C:\Program Files\MiKTeX 2.9\tex/latex/graphics\color.sty"
Package: color 2019/11/23 v1.2a Standard LaTeX Color (DPC)
 ("C:\Program Files\MiKTeX 2.9\tex/latex/graphics-cfg\color.cfg"
File: color.cfg 2016/01/02 v1.6 sample color configuration
)
Package color Info: Driver file: pdftex.def on input line 147.
 ("C:\Program Files\MiKTeX 2.9\tex/latex/graphics-def\pdftex.def"
File: pdftex.def 2020/08/26 v1.2 Graphics/color driver for pdftex
)) ("C:\Program Files\MiKTeX 2.9\tex/latex/graphics\graphicx.sty"
Package: graphicx 2019/11/30 v1.2a Enhanced LaTeX Graphics (DPC,SPQR)
 ("C:\Program Files\MiKTeX 2.9\tex/latex/graphics\graphics.sty"
Package: graphics 2019/11/30 v1.4a Standard LaTeX Graphics (DPC,SPQR)
 ("C:\Program Files\MiKTeX 2.9\tex/latex/graphics\trig.sty"
Package: trig 2016/01/03 v1.10 sin cos tan (DPC)
) ("C:\Program Files\MiKTeX 2.9\tex/latex/graphics-cfg\graphics.cfg"
File: graphics.cfg 2016/06/04 v1.11 sample graphics configuration
)
Package graphics Info: Driver file: pdftex.def on input line 105.
)
\Gin@req@height=\dimen136
\Gin@req@width=\dimen137
)) ("C:\Program Files\MiKTeX 2.9\tex/latex/base\fontenc.sty"
Package: fontenc 2020/02/11 v2.0o Standard LaTeX package
) ("C:\Program Files\MiKTeX 2.9\tex/latex/base\inputenc.sty"
Package: inputenc 2018/08/11 v1.3c Input encoding file
\inpenc@prehook=\toks16
\inpenc@posthook=\toks17
) ("C:\Program Files\MiKTeX 2.9\tex/generic/babel\babel.sty"
Package: babel 2020/09/01 3.48 The Babel package
 ("C:\Program Files\MiKTeX 2.9\tex/generic/babel\babel.def"
File: babel.def 2020/09/01 3.48 Babel common definitions
\babel@savecnt=\count177
\U@D=\dimen138
\l@babelnohyphens=\language83
 ("C:\Program Files\MiKTeX 2.9\tex/generic/babel\txtbabel.def")
\bbl@readstream=\read2
)
\bbl@dirlevel=\count178

*************************************
* Local config file bblopts.cfg used
*
("C:\Program Files\MiKTeX 2.9\tex/latex/arabi\bblopts.cfg"
File: bblopts.cfg 2005/09/08 v0.1 add Arabic and Farsi to "declared" options of babel
) ("C:\Program Files\MiKTeX 2.9\tex/latex/babel-german\naustrian.ldf"
Language: naustrian 2020/07/21 v2.12 German support for babel (post-1996 orthography)
 ("C:\Program Files\MiKTeX 2.9\tex/latex/babel-german\ngermanb.ldf"
Language: ngermanb 2020/07/21 v2.12 German support for babel (post-1996 orthography)
Package babel Info: \l@naustrian = using hyphenrules for ngerman
(babel)             (\language51) on input line 55.
Package babel Info: Making " an active character on input line 121.
))) ("C:\Program Files\MiKTeX 2.9\tex/latex/geometry\geometry.sty"
Package: geometry 2020/01/02 v5.9 Page Geometry
 ("C:\Program Files\MiKTeX 2.9\tex/generic/iftex\ifvtex.sty"
Package: ifvtex 2019/10/25 v1.7 ifvtex legacy package. Use iftex instead.
 ("C:\Program Files\MiKTeX 2.9\tex/generic/iftex\iftex.sty"
Package: iftex 2020/03/06 v1.0d TeX engine tests
))
\Gm@cnth=\count179
\Gm@cntv=\count180
\c@Gm@tempcnt=\count181
\Gm@bindingoffset=\dimen139
\Gm@wd@mp=\dimen140
\Gm@odd@mp=\dimen141
\Gm@even@mp=\dimen142
\Gm@layoutwidth=\dimen143
\Gm@layoutheight=\dimen144
\Gm@layouthoffset=\dimen145
\Gm@layoutvoffset=\dimen146
\Gm@dimlist=\toks18
 ("C:\Program Files\MiKTeX 2.9\tex/latex/geometry\geometry.cfg")) ("C:\Program Files\MiKTeX 2.9\tex/latex/xcolor\xcolor.sty"
Package: xcolor 2016/05/11 v2.12 LaTeX color extensions (UK)
 ("C:\Program Files\MiKTeX 2.9\tex/latex/graphics-cfg\color.cfg"
File: color.cfg 2016/01/02 v1.6 sample color configuration
)
Package xcolor Info: Driver file: pdftex.def on input line 225.
LaTeX Info: Redefining \color on input line 709.
Package xcolor Info: Model `cmy' substituted by `cmy0' on input line 1348.
Package xcolor Info: Model `hsb' substituted by `rgb' on input line 1352.
Package xcolor Info: Model `RGB' extended on input line 1364.
Package xcolor Info: Model `HTML' substituted by `rgb' on input line 1366.
Package xcolor Info: Model `Hsb' substituted by `hsb' on input line 1367.
Package xcolor Info: Model `tHsb' substituted by `hsb' on input line 1368.
Package xcolor Info: Model `HSB' substituted by `hsb' on input line 1369.
Package xcolor Info: Model `Gray' substituted by `gray' on input line 1370.
Package xcolor Info: Model `wave' substituted by `hsb' on input line 1371.
) ("C:\Program Files\MiKTeX 2.9\tex/latex/pgf/frontendlayer\tikz.sty" ("C:\Program Files\MiKTeX 2.9\tex/latex/pgf/basiclayer\pgf.sty" ("C:\Program Files\MiKTeX 2.9\tex/latex/pgf/utilities\pgfrcs.sty" ("C:\Program Files\MiKTeX 2.9\tex/generic/pgf/utilities\pgfutil-common.tex"
\pgfutil@everybye=\toks19
\pgfutil@tempdima=\dimen147
\pgfutil@tempdimb=\dimen148
 ("C:\Program Files\MiKTeX 2.9\tex/generic/pgf/utilities\pgfutil-common-lists.tex")) ("C:\Program Files\MiKTeX 2.9\tex/generic/pgf/utilities\pgfutil-latex.def"
\pgfutil@abb=\box47
 ("C:\Program Files\MiKTeX 2.9\tex/latex/ms\everyshi.sty"
Package: everyshi 2001/05/15 v3.00 EveryShipout Package (MS)
)) ("C:\Program Files\MiKTeX 2.9\tex/generic/pgf/utilities\pgfrcs.code.tex" ("C:\Program Files\MiKTeX 2.9\tex/generic/pgf\pgf.revision.tex")
Package: pgfrcs 2020/01/08 v3.1.5b (3.1.5b)
))
Package: pgf 2020/01/08 v3.1.5b (3.1.5b)
 ("C:\Program Files\MiKTeX 2.9\tex/latex/pgf/basiclayer\pgfcore.sty" ("C:\Program Files\MiKTeX 2.9\tex/latex/pgf/systemlayer\pgfsys.sty" ("C:\Program Files\MiKTeX 2.9\tex/generic/pgf/systemlayer\pgfsys.code.tex"
Package: pgfsys 2020/01/08 v3.1.5b (3.1.5b)
 ("C:\Program Files\MiKTeX 2.9\tex/generic/pgf/utilities\pgfkeys.code.tex"
\pgfkeys@pathtoks=\toks20
\pgfkeys@temptoks=\toks21
 ("C:\Program Files\MiKTeX 2.9\tex/generic/pgf/utilities\pgfkeysfiltered.code.tex"
\pgfkeys@tmptoks=\toks22
))
\pgf@x=\dimen149
\pgf@y=\dimen150
\pgf@xa=\dimen151
\pgf@ya=\dimen152
\pgf@xb=\dimen153
\pgf@yb=\dimen154
\pgf@xc=\dimen155
\pgf@yc=\dimen156
\pgf@xd=\dimen157
\pgf@yd=\dimen158
\w@pgf@writea=\write3
\r@pgf@reada=\read3
\c@pgf@counta=\count182
\c@pgf@countb=\count183
\c@pgf@countc=\count184
\c@pgf@countd=\count185
\t@pgf@toka=\toks23
\t@pgf@tokb=\toks24
\t@pgf@tokc=\toks25
\pgf@sys@id@count=\count186
 ("C:\Program Files\MiKTeX 2.9\tex/generic/pgf/systemlayer\pgf.cfg"
File: pgf.cfg 2020/01/08 v3.1.5b (3.1.5b)
)
Driver file for pgf: pgfsys-pdftex.def
 ("C:\Program Files\MiKTeX 2.9\tex/generic/pgf/systemlayer\pgfsys-pdftex.def"
File: pgfsys-pdftex.def 2020/01/08 v3.1.5b (3.1.5b)
 ("C:\Program Files\MiKTeX 2.9\tex/generic/pgf/systemlayer\pgfsys-common-pdf.def"
File: pgfsys-common-pdf.def 2020/01/08 v3.1.5b (3.1.5b)
))) ("C:\Program Files\MiKTeX 2.9\tex/generic/pgf/systemlayer\pgfsyssoftpath.code.tex"
File: pgfsyssoftpath.code.tex 2020/01/08 v3.1.5b (3.1.5b)
\pgfsyssoftpath@smallbuffer@items=\count187
\pgfsyssoftpath@bigbuffer@items=\count188
) ("C:\Program Files\MiKTeX 2.9\tex/generic/pgf/systemlayer\pgfsysprotocol.code.tex"
File: pgfsysprotocol.code.tex 2020/01/08 v3.1.5b (3.1.5b)
)) ("C:\Program Files\MiKTeX 2.9\tex/generic/pgf/basiclayer\pgfcore.code.tex"
Package: pgfcore 2020/01/08 v3.1.5b (3.1.5b)
 ("C:\Program Files\MiKTeX 2.9\tex/generic/pgf/math\pgfmath.code.tex" ("C:\Program Files\MiKTeX 2.9\tex/generic/pgf/math\pgfmathcalc.code.tex" ("C:\Program Files\MiKTeX 2.9\tex/generic/pgf/math\pgfmathutil.code.tex") ("C:\Program Files\MiKTeX 2.9\tex/generic/pgf/math\pgfmathparser.code.tex"
\pgfmath@dimen=\dimen159
\pgfmath@count=\count189
\pgfmath@box=\box48
\pgfmath@toks=\toks26
\pgfmath@stack@operand=\toks27
\pgfmath@stack@operation=\toks28
) ("C:\Program Files\MiKTeX 2.9\tex/generic/pgf/math\pgfmathfunctions.code.tex" ("C:\Program Files\MiKTeX 2.9\tex/generic/pgf/math\pgfmathfunctions.basic.code.tex") ("C:\Program Files\MiKTeX 2.9\tex/generic/pgf/math\pgfmathfunctions.trigonometric.code.tex") ("C:\Program Files\MiKTeX 2.9\tex/generic/pgf/math\pgfmathfunctions.random.code.tex") ("C:\Program Files\MiKTeX 2.9\tex/generic/pgf/math\pgfmathfunctions.comparison.code.tex") ("C:\Program Files\MiKTeX 2.9\tex/generic/pgf/math\pgfmathfunctions.base.code.tex") ("C:\Program Files\MiKTeX 2.9\tex/generic/pgf/math\pgfmathfunctions.round.code.tex") ("C:\Program Files\MiKTeX 2.9\tex/generic/pgf/math\pgfmathfunctions.misc.code.tex") ("C:\Program Files\MiKTeX 2.9\tex/generic/pgf/math\pgfmathfunctions.integerarithmetics.code.tex"))) ("C:\Program Files\MiKTeX 2.9\tex/generic/pgf/math\pgfmathfloat.code.tex"
\c@pgfmathroundto@lastzeros=\count190
)) ("C:\Program Files\MiKTeX 2.9\tex/generic/pgf/math\pgfint.code.tex") ("C:\Program Files\MiKTeX 2.9\tex/generic/pgf/basiclayer\pgfcorepoints.code.tex"
File: pgfcorepoints.code.tex 2020/01/08 v3.1.5b (3.1.5b)
\pgf@picminx=\dimen160
\pgf@picmaxx=\dimen161
\pgf@picminy=\dimen162
\pgf@picmaxy=\dimen163
\pgf@pathminx=\dimen164
\pgf@pathmaxx=\dimen165
\pgf@pathminy=\dimen166
\pgf@pathmaxy=\dimen167
\pgf@xx=\dimen168
\pgf@xy=\dimen169
\pgf@yx=\dimen170
\pgf@yy=\dimen171
\pgf@zx=\dimen172
\pgf@zy=\dimen173
) ("C:\Program Files\MiKTeX 2.9\tex/generic/pgf/basiclayer\pgfcorepathconstruct.code.tex"
File: pgfcorepathconstruct.code.tex 2020/01/08 v3.1.5b (3.1.5b)
\pgf@path@lastx=\dimen174
\pgf@path@lasty=\dimen175
) ("C:\Program Files\MiKTeX 2.9\tex/generic/pgf/basiclayer\pgfcorepathusage.code.tex"
File: pgfcorepathusage.code.tex 2020/01/08 v3.1.5b (3.1.5b)
\pgf@shorten@end@additional=\dimen176
\pgf@shorten@start@additional=\dimen177
) ("C:\Program Files\MiKTeX 2.9\tex/generic/pgf/basiclayer\pgfcorescopes.code.tex"
File: pgfcorescopes.code.tex 2020/01/08 v3.1.5b (3.1.5b)
\pgfpic=\box49
\pgf@hbox=\box50
\pgf@layerbox@main=\box51
\pgf@picture@serial@count=\count191
) ("C:\Program Files\MiKTeX 2.9\tex/generic/pgf/basiclayer\pgfcoregraphicstate.code.tex"
File: pgfcoregraphicstate.code.tex 2020/01/08 v3.1.5b (3.1.5b)
\pgflinewidth=\dimen178
) ("C:\Program Files\MiKTeX 2.9\tex/generic/pgf/basiclayer\pgfcoretransformations.code.tex"
File: pgfcoretransformations.code.tex 2020/01/08 v3.1.5b (3.1.5b)
\pgf@pt@x=\dimen179
\pgf@pt@y=\dimen180
\pgf@pt@temp=\dimen181
) ("C:\Program Files\MiKTeX 2.9\tex/generic/pgf/basiclayer\pgfcorequick.code.tex"
File: pgfcorequick.code.tex 2020/01/08 v3.1.5b (3.1.5b)
) ("C:\Program Files\MiKTeX 2.9\tex/generic/pgf/basiclayer\pgfcoreobjects.code.tex"
File: pgfcoreobjects.code.tex 2020/01/08 v3.1.5b (3.1.5b)
) ("C:\Program Files\MiKTeX 2.9\tex/generic/pgf/basiclayer\pgfcorepathprocessing.code.tex"
File: pgfcorepathprocessing.code.tex 2020/01/08 v3.1.5b (3.1.5b)
) ("C:\Program Files\MiKTeX 2.9\tex/generic/pgf/basiclayer\pgfcorearrows.code.tex"
File: pgfcorearrows.code.tex 2020/01/08 v3.1.5b (3.1.5b)
\pgfarrowsep=\dimen182
) ("C:\Program Files\MiKTeX 2.9\tex/generic/pgf/basiclayer\pgfcoreshade.code.tex"
File: pgfcoreshade.code.tex 2020/01/08 v3.1.5b (3.1.5b)
\pgf@max=\dimen183
\pgf@sys@shading@range@num=\count192
\pgf@shadingcount=\count193
) ("C:\Program Files\MiKTeX 2.9\tex/generic/pgf/basiclayer\pgfcoreimage.code.tex"
File: pgfcoreimage.code.tex 2020/01/08 v3.1.5b (3.1.5b)
 ("C:\Program Files\MiKTeX 2.9\tex/generic/pgf/basiclayer\pgfcoreexternal.code.tex"
File: pgfcoreexternal.code.tex 2020/01/08 v3.1.5b (3.1.5b)
\pgfexternal@startupbox=\box52
)) ("C:\Program Files\MiKTeX 2.9\tex/generic/pgf/basiclayer\pgfcorelayers.code.tex"
File: pgfcorelayers.code.tex 2020/01/08 v3.1.5b (3.1.5b)
) ("C:\Program Files\MiKTeX 2.9\tex/generic/pgf/basiclayer\pgfcoretransparency.code.tex"
File: pgfcoretransparency.code.tex 2020/01/08 v3.1.5b (3.1.5b)
) ("C:\Program Files\MiKTeX 2.9\tex/generic/pgf/basiclayer\pgfcorepatterns.code.tex"
File: pgfcorepatterns.code.tex 2020/01/08 v3.1.5b (3.1.5b)
) ("C:\Program Files\MiKTeX 2.9\tex/generic/pgf/basiclayer\pgfcorerdf.code.tex"
File: pgfcorerdf.code.tex 2020/01/08 v3.1.5b (3.1.5b)
))) ("C:\Program Files\MiKTeX 2.9\tex/generic/pgf/modules\pgfmoduleshapes.code.tex"
File: pgfmoduleshapes.code.tex 2020/01/08 v3.1.5b (3.1.5b)
\pgfnodeparttextbox=\box53
) ("C:\Program Files\MiKTeX 2.9\tex/generic/pgf/modules\pgfmoduleplot.code.tex"
File: pgfmoduleplot.code.tex 2020/01/08 v3.1.5b (3.1.5b)
) ("C:\Program Files\MiKTeX 2.9\tex/latex/pgf/compatibility\pgfcomp-version-0-65.sty"
Package: pgfcomp-version-0-65 2020/01/08 v3.1.5b (3.1.5b)
\pgf@nodesepstart=\dimen184
\pgf@nodesepend=\dimen185
) ("C:\Program Files\MiKTeX 2.9\tex/latex/pgf/compatibility\pgfcomp-version-1-18.sty"
Package: pgfcomp-version-1-18 2020/01/08 v3.1.5b (3.1.5b)
)) ("C:\Program Files\MiKTeX 2.9\tex/latex/pgf/utilities\pgffor.sty" ("C:\Program Files\MiKTeX 2.9\tex/latex/pgf/utilities\pgfkeys.sty" ("C:\Program Files\MiKTeX 2.9\tex/generic/pgf/utilities\pgfkeys.code.tex")) ("C:\Program Files\MiKTeX 2.9\tex/latex/pgf/math\pgfmath.sty" ("C:\Program Files\MiKTeX 2.9\tex/generic/pgf/math\pgfmath.code.tex")) ("C:\Program Files\MiKTeX 2.9\tex/generic/pgf/utilities\pgffor.code.tex"
Package: pgffor 2020/01/08 v3.1.5b (3.1.5b)
 ("C:\Program Files\MiKTeX 2.9\tex/generic/pgf/math\pgfmath.code.tex")
\pgffor@iter=\dimen186
\pgffor@skip=\dimen187
\pgffor@stack=\toks29
\pgffor@toks=\toks30
)) ("C:\Program Files\MiKTeX 2.9\tex/generic/pgf/frontendlayer/tikz\tikz.code.tex"
Package: tikz 2020/01/08 v3.1.5b (3.1.5b)
 ("C:\Program Files\MiKTeX 2.9\tex/generic/pgf/libraries\pgflibraryplothandlers.code.tex"
File: pgflibraryplothandlers.code.tex 2020/01/08 v3.1.5b (3.1.5b)
\pgf@plot@mark@count=\count194
\pgfplotmarksize=\dimen188
)
\tikz@lastx=\dimen189
\tikz@lasty=\dimen190
\tikz@lastxsaved=\dimen191
\tikz@lastysaved=\dimen192
\tikz@lastmovetox=\dimen193
\tikz@lastmovetoy=\dimen194
\tikzleveldistance=\dimen195
\tikzsiblingdistance=\dimen196
\tikz@figbox=\box54
\tikz@figbox@bg=\box55
\tikz@tempbox=\box56
\tikz@tempbox@bg=\box57
\tikztreelevel=\count195
\tikznumberofchildren=\count196
\tikznumberofcurrentchild=\count197
\tikz@fig@count=\count198
 ("C:\Program Files\MiKTeX 2.9\tex/generic/pgf/modules\pgfmodulematrix.code.tex"
File: pgfmodulematrix.code.tex 2020/01/08 v3.1.5b (3.1.5b)
\pgfmatrixcurrentrow=\count199
\pgfmatrixcurrentcolumn=\count266
\pgf@matrix@numberofcolumns=\count267
)
\tikz@expandcount=\count268
 ("C:\Program Files\MiKTeX 2.9\tex/generic/pgf/frontendlayer/tikz/libraries\tikzlibrarytopaths.code.tex"
File: tikzlibrarytopaths.code.tex 2020/01/08 v3.1.5b (3.1.5b)
))) ("C:\Program Files\MiKTeX 2.9\tex/latex/tools\tabularx.sty"
Package: tabularx 2020/01/15 v2.11c `tabularx' package (DPC)
 ("C:\Program Files\MiKTeX 2.9\tex/latex/tools\array.sty"
Package: array 2019/08/31 v2.4l Tabular extension package (FMi)
\col@sep=\dimen197
\ar@mcellbox=\box58
\extrarowheight=\dimen198
\NC@list=\toks31
\extratabsurround=\skip63
\backup@length=\skip64
\ar@cellbox=\box59
)
\TX@col@width=\dimen199
\TX@old@table=\dimen256
\TX@old@col=\dimen257
\TX@target=\dimen258
\TX@delta=\dimen259
\TX@cols=\count269
\TX@ftn=\toks32
)

Class scrartcl Warning: Usage of package `fancyhdr' together
(scrartcl)              with a KOMA-Script class is not recommended.
(scrartcl)              I'd suggest to use 
(scrartcl)              package `scrlayer' or `scrlayer-scrpage', because
(scrartcl)              they support KOMA-Script classes.
(scrartcl)              With `fancyhdr' several features of class `scrartcl'
(scrartcl)              like options `headsepline', `footsepline' or command
(scrartcl)              `\MakeMarkcase' and the commands `\setkomafont' and
(scrartcl)              `\addtokomafont' for the page style elements need
(scrartcl)              explicite user intervention to work.
(scrartcl)              Nevertheless, using requested
(scrartcl)              package `fancyhdr' on input line 11.

(C:\Users\Stefan\AppData\Roaming\MiKTeX\2.9\tex/latex/fancyhdr\fancyhdr.sty
Package: fancyhdr 2019/01/31 v3.10 Extensive control of page headers and footers
\f@nch@headwidth=\skip65
\f@nch@O@elh=\skip66
\f@nch@O@erh=\skip67
\f@nch@O@olh=\skip68
\f@nch@O@orh=\skip69
\f@nch@O@elf=\skip70
\f@nch@O@erf=\skip71
\f@nch@O@olf=\skip72
\f@nch@O@orf=\skip73
) ("C:\Program Files\MiKTeX 2.9\tex/latex/multirow\multirow.sty"
Package: multirow 2019/05/31 v2.5 Span multiple rows of a table
\multirow@colwidth=\skip74
\multirow@cntb=\count270
\multirow@dima=\skip75
\bigstrutjot=\dimen260
) ("C:\Program Files\MiKTeX 2.9\tex/latex/eurosym\eurosym.sty"
Package: eurosym 1998/08/06 v1.1 European currency symbol ``Euro''
\@eurobox=\box60
) (C:\Users\Stefan\AppData\Roaming\MiKTeX\2.9\tex/latex/wrapfig\wrapfig.sty
\wrapoverhang=\dimen261
\WF@size=\dimen262
\c@WF@wrappedlines=\count271
\WF@box=\box61
\WF@everypar=\toks33
Package: wrapfig 2003/01/31  v 3.6
) ("C:\Program Files\MiKTeX 2.9\tex/latex/lm\lmodern.sty"
Package: lmodern 2009/10/30 v1.6 Latin Modern Fonts
LaTeX Font Info:    Overwriting symbol font `operators' in version `normal'
(Font)                  OT1/cmr/m/n --> OT1/lmr/m/n on input line 22.
LaTeX Font Info:    Overwriting symbol font `letters' in version `normal'
(Font)                  OML/cmm/m/it --> OML/lmm/m/it on input line 23.
LaTeX Font Info:    Overwriting symbol font `symbols' in version `normal'
(Font)                  OMS/cmsy/m/n --> OMS/lmsy/m/n on input line 24.
LaTeX Font Info:    Overwriting symbol font `largesymbols' in version `normal'
(Font)                  OMX/cmex/m/n --> OMX/lmex/m/n on input line 25.
LaTeX Font Info:    Overwriting symbol font `operators' in version `bold'
(Font)                  OT1/cmr/bx/n --> OT1/lmr/bx/n on input line 26.
LaTeX Font Info:    Overwriting symbol font `letters' in version `bold'
(Font)                  OML/cmm/b/it --> OML/lmm/b/it on input line 27.
LaTeX Font Info:    Overwriting symbol font `symbols' in version `bold'
(Font)                  OMS/cmsy/b/n --> OMS/lmsy/b/n on input line 28.
LaTeX Font Info:    Overwriting symbol font `largesymbols' in version `bold'
(Font)                  OMX/cmex/m/n --> OMX/lmex/m/n on input line 29.
LaTeX Font Info:    Overwriting math alphabet `\mathbf' in version `normal'
(Font)                  OT1/cmr/bx/n --> OT1/lmr/bx/n on input line 31.
LaTeX Font Info:    Overwriting math alphabet `\mathsf' in version `normal'
(Font)                  OT1/cmss/m/n --> OT1/lmss/m/n on input line 32.
LaTeX Font Info:    Overwriting math alphabet `\mathit' in version `normal'
(Font)                  OT1/cmr/m/it --> OT1/lmr/m/it on input line 33.
LaTeX Font Info:    Overwriting math alphabet `\mathtt' in version `normal'
(Font)                  OT1/cmtt/m/n --> OT1/lmtt/m/n on input line 34.
LaTeX Font Info:    Overwriting math alphabet `\mathbf' in version `bold'
(Font)                  OT1/cmr/bx/n --> OT1/lmr/bx/n on input line 35.
LaTeX Font Info:    Overwriting math alphabet `\mathsf' in version `bold'
(Font)                  OT1/cmss/bx/n --> OT1/lmss/bx/n on input line 36.
LaTeX Font Info:    Overwriting math alphabet `\mathit' in version `bold'
(Font)                  OT1/cmr/bx/it --> OT1/lmr/bx/it on input line 37.
LaTeX Font Info:    Overwriting math alphabet `\mathtt' in version `bold'
(Font)                  OT1/cmtt/m/n --> OT1/lmtt/m/n on input line 38.
) (C:\Users\Stefan\AppData\Roaming\MiKTeX\2.9\tex/latex/booktabs\booktabs.sty
Package: booktabs 2020/01/12 v1.61803398 Publication quality tables
\heavyrulewidth=\dimen263
\lightrulewidth=\dimen264
\cmidrulewidth=\dimen265
\belowrulesep=\dimen266
\belowbottomsep=\dimen267
\aboverulesep=\dimen268
\abovetopsep=\dimen269
\cmidrulesep=\dimen270
\cmidrulekern=\dimen271
\defaultaddspace=\dimen272
\@cmidla=\count272
\@cmidlb=\count273
\@aboverulesep=\dimen273
\@belowrulesep=\dimen274
\@thisruleclass=\count274
\@lastruleclass=\count275
\@thisrulewidth=\dimen275
) ("C:\Program Files\MiKTeX 2.9\tex/latex/hyperref\hyperref.sty"
Package: hyperref 2020-05-15 v7.00e Hypertext links for LaTeX
 (C:\Users\Stefan\AppData\Roaming\MiKTeX\2.9\tex/generic/ltxcmds\ltxcmds.sty
Package: ltxcmds 2019/12/15 v1.24 LaTeX kernel commands for general use (HO)
) ("C:\Program Files\MiKTeX 2.9\tex/generic/pdftexcmds\pdftexcmds.sty"
Package: pdftexcmds 2020-06-27 v0.33 Utility functions of pdfTeX for LuaTeX (HO)
 (C:\Users\Stefan\AppData\Roaming\MiKTeX\2.9\tex/generic/infwarerr\infwarerr.sty
Package: infwarerr 2019/12/03 v1.5 Providing info/warning/error messages (HO)
)
Package pdftexcmds Info: \pdf@primitive is available.
Package pdftexcmds Info: \pdf@ifprimitive is available.
Package pdftexcmds Info: \pdfdraftmode found.
) (C:\Users\Stefan\AppData\Roaming\MiKTeX\2.9\tex/generic/kvsetkeys\kvsetkeys.sty
Package: kvsetkeys 2019/12/15 v1.18 Key value parser (HO)
) (C:\Users\Stefan\AppData\Roaming\MiKTeX\2.9\tex/generic/kvdefinekeys\kvdefinekeys.sty
Package: kvdefinekeys 2019-12-19 v1.6 Define keys (HO)
) (C:\Users\Stefan\AppData\Roaming\MiKTeX\2.9\tex/generic/pdfescape\pdfescape.sty
Package: pdfescape 2019/12/09 v1.15 Implements pdfTeX's escape features (HO)
) (C:\Users\Stefan\AppData\Roaming\MiKTeX\2.9\tex/latex/hycolor\hycolor.sty
Package: hycolor 2020-01-27 v1.10 Color options for hyperref/bookmark (HO)
) (C:\Users\Stefan\AppData\Roaming\MiKTeX\2.9\tex/latex/letltxmacro\letltxmacro.sty
Package: letltxmacro 2019/12/03 v1.6 Let assignment for LaTeX macros (HO)
) (C:\Users\Stefan\AppData\Roaming\MiKTeX\2.9\tex/latex/auxhook\auxhook.sty
Package: auxhook 2019-12-17 v1.6 Hooks for auxiliary files (HO)
) (C:\Users\Stefan\AppData\Roaming\MiKTeX\2.9\tex/latex/kvoptions\kvoptions.sty
Package: kvoptions 2019/11/29 v3.13 Key value format for package options (HO)
)
\@linkdim=\dimen276
\Hy@linkcounter=\count276
\Hy@pagecounter=\count277
 ("C:\Program Files\MiKTeX 2.9\tex/latex/hyperref\pd1enc.def"
File: pd1enc.def 2020-05-15 v7.00e Hyperref: PDFDocEncoding definition (HO)
Now handling font encoding PD1 ...
... no UTF-8 mapping file for font encoding PD1
) (C:\Users\Stefan\AppData\Roaming\MiKTeX\2.9\tex/generic/intcalc\intcalc.sty
Package: intcalc 2019/12/15 v1.3 Expandable calculations with integers (HO)
) (C:\Users\Stefan\AppData\Roaming\MiKTeX\2.9\tex/generic/etexcmds\etexcmds.sty
Package: etexcmds 2019/12/15 v1.7 Avoid name clashes with e-TeX commands (HO)
)
\Hy@SavedSpaceFactor=\count278


Package hyperref Warning: Unexpected value `black'
(hyperref)                of option `colorlinks' instead of
(hyperref)                `true' or 'false' on input line 4338.

Package hyperref Info: Hyper figures OFF on input line 4464.
Package hyperref Info: Link nesting OFF on input line 4469.
Package hyperref Info: Hyper index ON on input line 4472.
Package hyperref Info: Plain pages OFF on input line 4479.
Package hyperref Info: Backreferencing OFF on input line 4484.
Package hyperref Info: Implicit mode ON; LaTeX internals redefined.
Package hyperref Info: Bookmarks ON on input line 4717.
\c@Hy@tempcnt=\count279
("C:\Program Files\MiKTeX 2.9\tex/latex/url\url.sty"
\Urlmuskip=\muskip16
Package: url 2013/09/16  ver 3.4  Verb mode for urls, etc.
)
LaTeX Info: Redefining \url on input line 5076.
\XeTeXLinkMargin=\dimen277
 (C:\Users\Stefan\AppData\Roaming\MiKTeX\2.9\tex/generic/bitset\bitset.sty
Package: bitset 2019/12/09 v1.3 Handle bit-vector datatype (HO)
 (C:\Users\Stefan\AppData\Roaming\MiKTeX\2.9\tex/generic/bigintcalc\bigintcalc.sty
Package: bigintcalc 2019/12/15 v1.5 Expandable calculations on big integers (HO)
))
\Fld@menulength=\count280
\Field@Width=\dimen278
\Fld@charsize=\dimen279
Package hyperref Info: Hyper figures OFF on input line 6347.
Package hyperref Info: Link nesting OFF on input line 6352.
Package hyperref Info: Hyper index ON on input line 6355.
Package hyperref Info: backreferencing OFF on input line 6362.
Package hyperref Info: Link coloring OFF on input line 6367.
Package hyperref Info: Link coloring with OCG OFF on input line 6372.
Package hyperref Info: PDF/A mode OFF on input line 6377.
LaTeX Info: Redefining \ref on input line 6417.
LaTeX Info: Redefining \pageref on input line 6421.
 (C:\Users\Stefan\AppData\Roaming\MiKTeX\2.9\tex/generic/atbegshi\atbegshi.sty
Package: atbegshi 2019/12/05 v1.19 At begin shipout hook (HO)
)
\Hy@abspage=\count281
\c@Item=\count282
\c@Hfootnote=\count283
)
Package hyperref Info: Driver (autodetected): hpdftex.
 ("C:\Program Files\MiKTeX 2.9\tex/latex/hyperref\hpdftex.def"
File: hpdftex.def 2020-05-15 v7.00e Hyperref driver for pdfTeX
 (C:\Users\Stefan\AppData\Roaming\MiKTeX\2.9\tex/latex/atveryend\atveryend.sty
Package: atveryend 2019-12-11 v1.11 Hooks at the very end of document (HO)
Package atveryend Info: \enddocument detected (standard20110627).
)
\Fld@listcount=\count284
\c@bookmark@seq@number=\count285
 (C:\Users\Stefan\AppData\Roaming\MiKTeX\2.9\tex/latex/rerunfilecheck\rerunfilecheck.sty
Package: rerunfilecheck 2019/12/05 v1.9 Rerun checks for auxiliary files (HO)
 (C:\Users\Stefan\AppData\Roaming\MiKTeX\2.9\tex/generic/uniquecounter\uniquecounter.sty
Package: uniquecounter 2019/12/15 v1.4 Provide unlimited unique counter (HO)
)
Package uniquecounter Info: New unique counter `rerunfilecheck' on input line 286.
)
\Hy@SectionHShift=\skip76
)) (C:\Users\Stefan\AppData\Roaming\MiKTeX\2.9\tex/latex/colortbl\colortbl.sty
Package: colortbl 2020/01/04 v1.0e Color table columns (DPC)
\everycr=\toks34
\minrowclearance=\skip77
) (C:\Users\Stefan\AppData\Roaming\MiKTeX\2.9\tex/latex/pdfpages\pdfpages.sty
Package: pdfpages 2020/01/28 v0.5q Insert pages of external PDF documents (AM)
 ("C:\Program Files\MiKTeX 2.9\tex/latex/base\ifthen.sty"
Package: ifthen 2014/09/29 v1.1c Standard LaTeX ifthen package (DPC)
) ("C:\Program Files\MiKTeX 2.9\tex/latex/tools\calc.sty"
Package: calc 2017/05/25 v4.3 Infix arithmetic (KKT,FJ)
\calc@Acount=\count286
\calc@Bcount=\count287
\calc@Adimen=\dimen280
\calc@Bdimen=\dimen281
\calc@Askip=\skip78
\calc@Bskip=\skip79
LaTeX Info: Redefining \setlength on input line 80.
LaTeX Info: Redefining \addtolength on input line 81.
\calc@Ccount=\count288
\calc@Cskip=\skip80
) (C:\Users\Stefan\AppData\Roaming\MiKTeX\2.9\tex/latex/eso-pic\eso-pic.sty
Package: eso-pic 2018/04/12 v2.0h eso-pic (RN)
)
\AM@pagewidth=\dimen282
\AM@pageheight=\dimen283
 (C:\Users\Stefan\AppData\Roaming\MiKTeX\2.9\tex/latex/pdfpages\pppdftex.def
File: pppdftex.def 2020/01/28 v0.5q Pdfpages driver for pdfTeX (AM)
)
\AM@pagebox=\box62
\AM@global@opts=\toks35
\AM@pagecnt=\count289
\AM@toc@title=\toks36
\c@AM@survey=\count290
\AM@templatesizebox=\box63
) (C:\Users\Stefan\AppData\Roaming\MiKTeX\2.9\tex/latex/mathtools\mathtools.sty
Package: mathtools 2020/03/24 v1.24 mathematical typesetting tools
 (C:\Users\Stefan\AppData\Roaming\MiKTeX\2.9\tex/latex/mathtools\mhsetup.sty
Package: mhsetup 2017/03/31 v1.3 programming setup (MH)
) ("C:\Program Files\MiKTeX 2.9\tex/latex/amsmath\amsmath.sty"
Package: amsmath 2020/01/20 v2.17e AMS math features
\@mathmargin=\skip81

For additional information on amsmath, use the `?' option.
("C:\Program Files\MiKTeX 2.9\tex/latex/amsmath\amstext.sty"
Package: amstext 2000/06/29 v2.01 AMS text
 ("C:\Program Files\MiKTeX 2.9\tex/latex/amsmath\amsgen.sty"
File: amsgen.sty 1999/11/30 v2.0 generic functions
\@emptytoks=\toks37
\ex@=\dimen284
)) ("C:\Program Files\MiKTeX 2.9\tex/latex/amsmath\amsbsy.sty"
Package: amsbsy 1999/11/29 v1.2d Bold Symbols
\pmbraise@=\dimen285
) ("C:\Program Files\MiKTeX 2.9\tex/latex/amsmath\amsopn.sty"
Package: amsopn 2016/03/08 v2.02 operator names
)
\inf@bad=\count291
LaTeX Info: Redefining \frac on input line 227.
\uproot@=\count292
\leftroot@=\count293
LaTeX Info: Redefining \overline on input line 389.
\classnum@=\count294
\DOTSCASE@=\count295
LaTeX Info: Redefining \ldots on input line 486.
LaTeX Info: Redefining \dots on input line 489.
LaTeX Info: Redefining \cdots on input line 610.
\Mathstrutbox@=\box64
\strutbox@=\box65
\big@size=\dimen286
LaTeX Font Info:    Redeclaring font encoding OML on input line 733.
LaTeX Font Info:    Redeclaring font encoding OMS on input line 734.
\macc@depth=\count296
\c@MaxMatrixCols=\count297
\dotsspace@=\muskip17
\c@parentequation=\count298
\dspbrk@lvl=\count299
\tag@help=\toks38
\row@=\count300
\column@=\count301
\maxfields@=\count302
\andhelp@=\toks39
\eqnshift@=\dimen287
\alignsep@=\dimen288
\tagshift@=\dimen289
\tagwidth@=\dimen290
\totwidth@=\dimen291
\lineht@=\dimen292
\@envbody=\toks40
\multlinegap=\skip82
\multlinetaggap=\skip83
\mathdisplay@stack=\toks41
LaTeX Info: Redefining \[ on input line 2859.
LaTeX Info: Redefining \] on input line 2860.
)
LaTeX Info: Thecontrolsequence`\('isalreadyrobust on input line 130.
LaTeX Info: Thecontrolsequence`\)'isalreadyrobust on input line 130.
LaTeX Info: Thecontrolsequence`\['isalreadyrobust on input line 130.
LaTeX Info: Thecontrolsequence`\]'isalreadyrobust on input line 130.
\g_MT_multlinerow_int=\count303
\l_MT_multwidth_dim=\dimen293
\origjot=\skip84
\l_MT_shortvdotswithinadjustabove_dim=\dimen294
\l_MT_shortvdotswithinadjustbelow_dim=\dimen295
\l_MT_above_intertext_sep=\dimen296
\l_MT_below_intertext_sep=\dimen297
\l_MT_above_shortintertext_sep=\dimen298
\l_MT_below_shortintertext_sep=\dimen299
\xmathstrut@box=\box66
\xmathstrut@dim=\dimen300
) (C:\Users\Stefan\AppData\Roaming\MiKTeX\2.9\tex/latex/was\upgreek.sty
Package: upgreek 2003/02/12 v2.0 (WaS)
Package upgreek Info: Using Euler Roman for upright Greek on input line 31.
\symugrf@m=\mathgroup4
LaTeX Font Info:    Overwriting symbol font `ugrf@m' in version `bold'
(Font)                  U/eur/m/n --> U/eur/b/n on input line 38.
) ("C:\Program Files\MiKTeX 2.9\tex/latex/float\float.sty"
Package: float 2001/11/08 v1.3d Float enhancements (AL)
\c@float@type=\count304
\float@exts=\toks42
\float@box=\box67
\@float@everytoks=\toks43
\@floatcapt=\box68
) ("C:\Program Files\MiKTeX 2.9\tex/latex/pgfplots\pgfplots.sty" ("C:\Program Files\MiKTeX 2.9\tex/generic/pgfplots\pgfplots.revision.tex")
Package: pgfplots 2020/02/29 v1.17 Data Visualization (1.17)
 ("C:\Program Files\MiKTeX 2.9\tex/generic/pgfplots\pgfplots.code.tex" ("C:\Program Files\MiKTeX 2.9\tex/generic/pgfplots\pgfplotscore.code.tex"
\t@pgfplots@toka=\toks44
\t@pgfplots@tokb=\toks45
\t@pgfplots@tokc=\toks46
\pgfplots@tmpa=\dimen301
\c@pgfplots@coordindex=\count305
\c@pgfplots@scanlineindex=\count306
 ("C:\Program Files\MiKTeX 2.9\tex/generic/pgfplots/sys\pgfplotssysgeneric.code.tex")) ("C:\Program Files\MiKTeX 2.9\tex/generic/pgfplots/libs\pgfplotslibrary.code.tex") ("C:\Program Files\MiKTeX 2.9\tex/generic/pgfplots/oldpgfcompatib\pgfplotsoldpgfsupp_loader.code.tex" ("C:\Program Files\MiKTeX 2.9\tex/generic/pgf/libraries\pgflibraryfpu.code.tex")) ("C:\Program Files\MiKTeX 2.9\tex/generic/pgfplots/util\pgfplotsutil.code.tex" ("C:\Program Files\MiKTeX 2.9\tex/generic/pgfplots/liststructure\pgfplotsliststructure.code.tex") ("C:\Program Files\MiKTeX 2.9\tex/generic/pgfplots/liststructure\pgfplotsliststructureext.code.tex") ("C:\Program Files\MiKTeX 2.9\tex/generic/pgfplots/liststructure\pgfplotsarray.code.tex"
\c@pgfplotsarray@tmp=\count307
) ("C:\Program Files\MiKTeX 2.9\tex/generic/pgfplots/liststructure\pgfplotsmatrix.code.tex") ("C:\Program Files\MiKTeX 2.9\tex/generic/pgfplots/numtable\pgfplotstableshared.code.tex"
\c@pgfplotstable@counta=\count308
\t@pgfplotstable@a=\toks47
) ("C:\Program Files\MiKTeX 2.9\tex/generic/pgfplots/liststructure\pgfplotsdeque.code.tex") ("C:\Program Files\MiKTeX 2.9\tex/generic/pgfplots/util\pgfplotsbinary.code.tex" ("C:\Program Files\MiKTeX 2.9\tex/generic/pgfplots/util\pgfplotsbinary.data.code.tex")) ("C:\Program Files\MiKTeX 2.9\tex/generic/pgfplots/util\pgfplotsutil.verb.code.tex") ("C:\Program Files\MiKTeX 2.9\tex/generic/pgfplots/libs\pgflibrarypgfplots.surfshading.code.tex"
\c@pgfplotslibrarysurf@no=\count309
 ("C:\Program Files\MiKTeX 2.9\tex/generic/pgfplots/sys\pgflibrarypgfplots.surfshading.pgfsys-pdftex.def"))) ("C:\Program Files\MiKTeX 2.9\tex/generic/pgfplots/util\pgfplotscolormap.code.tex" ("C:\Program Files\MiKTeX 2.9\tex/generic/pgfplots/util\pgfplotscolor.code.tex")) ("C:\Program Files\MiKTeX 2.9\tex/generic/pgfplots\pgfplotsstackedplots.code.tex") ("C:\Program Files\MiKTeX 2.9\tex/generic/pgfplots\pgfplotsplothandlers.code.tex" ("C:\Program Files\MiKTeX 2.9\tex/generic/pgfplots\pgfplotsmeshplothandler.code.tex" ("C:\Program Files\MiKTeX 2.9\tex/generic/pgfplots\pgfplotsmeshplotimage.code.tex"))) ("C:\Program Files\MiKTeX 2.9\tex/generic/pgfplots\pgfplots.scaling.code.tex") ("C:\Program Files\MiKTeX 2.9\tex/generic/pgfplots\pgfplotscoordprocessing.code.tex") ("C:\Program Files\MiKTeX 2.9\tex/generic/pgfplots\pgfplots.errorbars.code.tex") ("C:\Program Files\MiKTeX 2.9\tex/generic/pgfplots\pgfplots.markers.code.tex") ("C:\Program Files\MiKTeX 2.9\tex/generic/pgfplots\pgfplotsticks.code.tex") ("C:\Program Files\MiKTeX 2.9\tex/generic/pgfplots\pgfplots.paths.code.tex") ("C:\Program Files\MiKTeX 2.9\tex/generic/pgf/frontendlayer/tikz/libraries\tikzlibrarydecorations.code.tex" ("C:\Program Files\MiKTeX 2.9\tex/generic/pgf/modules\pgfmoduledecorations.code.tex"
\pgfdecoratedcompleteddistance=\dimen302
\pgfdecoratedremainingdistance=\dimen303
\pgfdecoratedinputsegmentcompleteddistance=\dimen304
\pgfdecoratedinputsegmentremainingdistance=\dimen305
\pgf@decorate@distancetomove=\dimen306
\pgf@decorate@repeatstate=\count310
\pgfdecorationsegmentamplitude=\dimen307
\pgfdecorationsegmentlength=\dimen308
)
\tikz@lib@dec@box=\box69
) ("C:\Program Files\MiKTeX 2.9\tex/generic/pgf/frontendlayer/tikz/libraries\tikzlibrarydecorations.pathmorphing.code.tex" ("C:\Program Files\MiKTeX 2.9\tex/generic/pgf/libraries/decorations\pgflibrarydecorations.pathmorphing.code.tex")) ("C:\Program Files\MiKTeX 2.9\tex/generic/pgf/frontendlayer/tikz/libraries\tikzlibrarydecorations.pathreplacing.code.tex" ("C:\Program Files\MiKTeX 2.9\tex/generic/pgf/libraries/decorations\pgflibrarydecorations.pathreplacing.code.tex"))
\pgfplots@numplots=\count311
\pgfplots@xmin@reg=\dimen309
\pgfplots@xmax@reg=\dimen310
\pgfplots@ymin@reg=\dimen311
\pgfplots@ymax@reg=\dimen312
\pgfplots@zmin@reg=\dimen313
\pgfplots@zmax@reg=\dimen314
) ("C:\Program Files\MiKTeX 2.9\tex/generic/pgf/frontendlayer/tikz/libraries\tikzlibraryplotmarks.code.tex"
File: tikzlibraryplotmarks.code.tex 2020/01/08 v3.1.5b (3.1.5b)
 ("C:\Program Files\MiKTeX 2.9\tex/generic/pgf/libraries\pgflibraryplotmarks.code.tex"
File: pgflibraryplotmarks.code.tex 2020/01/08 v3.1.5b (3.1.5b)
))) ("C:\Program Files\MiKTeX 2.9\tex/latex/listings\listings.sty"
\lst@mode=\count312
\lst@gtempboxa=\box70
\lst@token=\toks48
\lst@length=\count313
\lst@currlwidth=\dimen315
\lst@column=\count314
\lst@pos=\count315
\lst@lostspace=\dimen316
\lst@width=\dimen317
\lst@newlines=\count316
\lst@lineno=\count317
\lst@maxwidth=\dimen318
 ("C:\Program Files\MiKTeX 2.9\tex/latex/listings\lstmisc.sty"
File: lstmisc.sty 2020/03/24 1.8d (Carsten Heinz)
\c@lstnumber=\count318
\lst@skipnumbers=\count319
\lst@framebox=\box71
) ("C:\Program Files\MiKTeX 2.9\tex/latex/listings\listings.cfg"
File: listings.cfg 2020/03/24 1.8d listings configuration
))
Package: listings 2020/03/24 1.8d (Carsten Heinz)
 (C:\Users\Stefan\AppData\Roaming\MiKTeX\2.9\tex/latex/matlab-prettifier\matlab-prettifier.sty
Package: matlab-prettifier 2014/06/19 v0.3 A package for prettyprinting Matlab source code
 ("C:\Program Files\MiKTeX 2.9\tex/latex/base\textcomp.sty"
Package: textcomp 2020/02/02 v2.0n Standard LaTeX package
)
\netBracketCount@mlpr=\count320
\blkLvl@mlpr=\count321
\blkLvlAtClassdef@mlpr=\count322
\emHeight@mlpr=\skip85
\jayDepth@mlpr=\skip86
\sectionRuleOffset@mlpr=\skip87
\toks@mlpr=\toks49
) ("C:\Program Files\MiKTeX 2.9\tex/generic/pgf/libraries\pgflibraryarrows.meta.code.tex"
File: pgflibraryarrows.meta.code.tex 2020/01/08 v3.1.5b (3.1.5b)
\pgfarrowinset=\dimen319
\pgfarrowlength=\dimen320
\pgfarrowwidth=\dimen321
\pgfarrowlinewidth=\dimen322
) (C:\Users\Stefan\AppData\Roaming\MiKTeX\2.9\tex/latex/cleveref\cleveref.sty
Package: cleveref 2018/03/27 v0.21.4 Intelligent cross-referencing
Package cleveref Info: `hyperref' support loaded on input line 2370.
LaTeX Info: Redefining \cref on input line 2370.
LaTeX Info: Redefining \Cref on input line 2370.
LaTeX Info: Redefining \crefrange on input line 2370.
LaTeX Info: Redefining \Crefrange on input line 2370.
LaTeX Info: Redefining \cpageref on input line 2370.
LaTeX Info: Redefining \Cpageref on input line 2370.
LaTeX Info: Redefining \cpagerefrange on input line 2370.
LaTeX Info: Redefining \Cpagerefrange on input line 2370.
LaTeX Info: Redefining \labelcref on input line 2370.
LaTeX Info: Redefining \labelcpageref on input line 2370.
Package cleveref Info: `listings' support loaded on input line 3131.
Package cleveref Info: always capitalise cross-reference names on input line 7830.
Package cleveref Info: include cross-reference names in hyperlinks on input line 7836.
Package cleveref Info: include cross-reference names in hyperlinks on input line 7852.
Package cleveref Info: always capitalise cross-reference names on input line 7852.
) ("C:\Program Files\MiKTeX 2.9\tex/latex/l3backend\l3backend-pdftex.def"
File: l3backend-pdftex.def 2020-09-01 L3 backend support: PDF output (pdfTeX)
\l__kernel_color_stack_int=\count323
\l__pdf_internal_box=\box72
) (d:/Stefan\Schule\HTL\Diplomarbeit\git\Fehlerbericht-Conrad\Fehlerbreicht.aux)
\openout1 = `Fehlerbreicht.aux'.

LaTeX Font Info:    Checking defaults for OML/cmm/m/it on input line 35.
LaTeX Font Info:    ... okay on input line 35.
LaTeX Font Info:    Checking defaults for OMS/cmsy/m/n on input line 35.
LaTeX Font Info:    ... okay on input line 35.
LaTeX Font Info:    Checking defaults for OT1/cmr/m/n on input line 35.
LaTeX Font Info:    ... okay on input line 35.
LaTeX Font Info:    Checking defaults for T1/cmr/m/n on input line 35.
LaTeX Font Info:    ... okay on input line 35.
LaTeX Font Info:    Checking defaults for TS1/cmr/m/n on input line 35.
LaTeX Font Info:    ... okay on input line 35.
LaTeX Font Info:    Checking defaults for OMX/cmex/m/n on input line 35.
LaTeX Font Info:    ... okay on input line 35.
LaTeX Font Info:    Checking defaults for U/cmr/m/n on input line 35.
LaTeX Font Info:    ... okay on input line 35.
LaTeX Font Info:    Checking defaults for PD1/pdf/m/n on input line 35.
LaTeX Font Info:    ... okay on input line 35.
LaTeX Font Info:    Trying to load font information for T1+lmr on input line 35.
 ("C:\Program Files\MiKTeX 2.9\tex/latex/lm\t1lmr.fd"
File: t1lmr.fd 2009/10/30 v1.6 Font defs for Latin Modern
) ("C:\Program Files\MiKTeX 2.9\tex/context/base/mkii\supp-pdf.mkii"
[Loading MPS to PDF converter (version 2006.09.02).]
\scratchcounter=\count324
\scratchdimen=\dimen323
\scratchbox=\box73
\nofMPsegments=\count325
\nofMParguments=\count326
\everyMPshowfont=\toks50
\MPscratchCnt=\count327
\MPscratchDim=\dimen324
\MPnumerator=\count328
\makeMPintoPDFobject=\count329
\everyMPtoPDFconversion=\toks51
) ("C:\Program Files\MiKTeX 2.9\tex/latex/epstopdf-pkg\epstopdf-base.sty"
Package: epstopdf-base 2020-01-24 v2.11 Base part for package epstopdf
 (C:\Users\Stefan\AppData\Roaming\MiKTeX\2.9\tex/latex/grfext\grfext.sty
Package: grfext 2019/12/03 v1.3 Manage graphics extensions (HO)
)
Package epstopdf-base Info: Redefining graphics rule for `.eps' on input line 485.
Package grfext Info: Graphics extension search list:
(grfext)             [.pdf,.png,.jpg,.mps,.jpeg,.jbig2,.jb2,.PDF,.PNG,.JPG,.JPEG,.JBIG2,.JB2,.eps]
(grfext)             \AppendGraphicsExtensions on input line 504.
)
*geometry* driver: auto-detecting
*geometry* detected driver: pdftex
*geometry* verbose mode - [ preamble ] result:
* driver: pdftex
* paper: a4paper
* layout: <same size as paper>
* layoutoffset:(h,v)=(0.0pt,0.0pt)
* hratio: 1:1
* vratio: 1:1
* modes: 
* h-part:(L,W,R)=(71.1319pt, 455.24408pt, 71.1319pt)
* v-part:(T,H,B)=(81.09035pt, 682.86613pt, 81.09036pt)
* \paperwidth=597.50787pt
* \paperheight=845.04684pt
* \textwidth=455.24408pt
* \textheight=682.86613pt
* \oddsidemargin=-1.13809pt
* \evensidemargin=-1.13809pt
* \topmargin=-31.05464pt
* \headheight=18.125pt
* \headsep=21.75pt
* \topskip=12.0pt
* \footskip=50.75pt
* \marginparwidth=49.79233pt
* \marginparsep=12.8401pt
* \columnsep=10.0pt
* \skip\footins=10.8pt plus 4.0pt minus 2.0pt
* \hoffset=0.0pt
* \voffset=0.0pt
* \mag=1000
* \@twocolumnfalse
* \@twosidefalse
* \@mparswitchfalse
* \@reversemarginfalse
* (1in=72.27pt=25.4mm, 1cm=28.453pt)

ABD: EveryShipout initializing macros
\AtBeginShipoutBox=\box74
Package hyperref Info: Link coloring OFF on input line 35.
 ("C:\Program Files\MiKTeX 2.9\tex/latex/hyperref\nameref.sty"
Package: nameref 2019/09/16 v2.46 Cross-referencing by name of section
 (C:\Users\Stefan\AppData\Roaming\MiKTeX\2.9\tex/latex/refcount\refcount.sty
Package: refcount 2019/12/15 v3.6 Data extraction from label references (HO)
) (C:\Users\Stefan\AppData\Roaming\MiKTeX\2.9\tex/generic/gettitlestring\gettitlestring.sty
Package: gettitlestring 2019/12/15 v1.6 Cleanup title references (HO)
)
\c@section@level=\count330
)
LaTeX Info: Redefining \ref on input line 35.
LaTeX Info: Redefining \pageref on input line 35.
LaTeX Info: Redefining \nameref on input line 35.
 (d:/Stefan\Schule\HTL\Diplomarbeit\git\Fehlerbericht-Conrad\Fehlerbreicht.out) (d:/Stefan\Schule\HTL\Diplomarbeit\git\Fehlerbericht-Conrad\Fehlerbreicht.out)
\@outlinefile=\write4
\openout4 = `Fehlerbreicht.out'.

Class scrartcl Info: loading recommended package `bookmark'.
(scrartcl)           Using `bookmark' together with `hyperref' is recommended,
(scrartcl)           because of handling of possible bookmark level gaps.
(scrartcl)           You can avoid loading `bookmark' with KOMA-Script option
(scrartcl)           `bookmarkpackage=false' before \begin{document} and
(scrartcl)           you can avoid this message adding:
(scrartcl)             \usepackage{bookmark}
(scrartcl)           before \begin{document} on input line 35.
 (C:\Users\Stefan\AppData\Roaming\MiKTeX\2.9\tex/latex/bookmark\bookmark.sty
Package: bookmark 2019/12/03 v1.28 PDF bookmarks (HO)
 (C:\Users\Stefan\AppData\Roaming\MiKTeX\2.9\tex/latex/bookmark\bkm-pdftex.def
File: bkm-pdftex.def 2019/12/03 v1.28 bookmark driver for pdfTeX (HO)
Package auxhook Info: \AddLineBeginMainAux comes a little late,
(auxhook)             because the main .aux file is already opened on input line 168.
\BKM@id=\count331
)) (C:\Users\Stefan\AppData\Roaming\MiKTeX\2.9\tex/latex/pdflscape\pdflscape.sty
Package: pdflscape 2019/12/05 v0.12 Display of landscape pages in PDF (HO)
 ("C:\Program Files\MiKTeX 2.9\tex/latex/graphics\lscape.sty"
Package: lscape 2000/10/22 v3.01 Landscape Pages (DPC)
)
Package pdflscape Info: Auto-detected driver: pdftex on input line 81.
)

Package pgfplots Warning: running in backwards compatibility mode (unsuitable tick labels; missing features). Consider writing \pgfplotsset{compat=1.17} into your preamble.
 on input line 35.

\c@lstlisting=\count332
LaTeX Font Info:    Trying to load font information for TS1+lmr on input line 36.
("C:\Program Files\MiKTeX 2.9\tex/latex/lm\ts1lmr.fd"
File: ts1lmr.fd 2009/10/30 v1.6 Font defs for Latin Modern
)
<2021-02-22-21-04-18.png, id=6, 324.46219pt x 225.09094pt>
File: 2021-02-22-21-04-18.png Graphic file (type png)
<use 2021-02-22-21-04-18.png>
Package pdftex.def Info: 2021-02-22-21-04-18.png  used on input line 41.
(pdftex.def)             Requested size: 318.66946pt x 221.08562pt.

Underfull \hbox (badness 10000) in paragraph at lines 36--61

 []


Underfull \hbox (badness 10000) in paragraph at lines 36--61

 []


Underfull \hbox (badness 1194) in paragraph at lines 36--61
\T1/lmr/m/n/12 Wir ver-wen-den den Mo-tor mit 2x XOAR 3-Blatt Pro-pel-ler als Schwebe-Antrieb
 []


Underfull \hbox (badness 10000) in paragraph at lines 36--61

 []


Underfull \hbox (badness 10000) in paragraph at lines 36--61

 []


Underfull \hbox (badness 10000) in paragraph at lines 36--61

 []


Underfull \hbox (badness 10000) in paragraph at lines 36--61

 []


Underfull \hbox (badness 10000) in paragraph at lines 36--61

 []


Underfull \hbox (badness 10000) in paragraph at lines 36--61

 []


Package xcolor Warning: Incompatible color definition on input line 62.


Package xcolor Warning: Incompatible color definition on input line 62.


Package xcolor Warning: Incompatible color definition on input line 62.


Package Fancyhdr Warning: \headheight is too small (18.125pt): 
Make it at least 22.69206pt.
We now make it that large for the rest of the document.
This may cause the page layout to be inconsistent, however.

[1{C:/Users/Stefan/AppData/Local/MiKTeX/2.9/pdftex/config/pdftex.map}

 <d:/Stefan/Schule/HTL/Diplomarbeit/git/Fehlerbericht-Conrad/2021-02-22-21-04-18.png>]
Package atveryend Info: Empty hook `BeforeClearDocument' on input line 62.
Package atveryend Info: Empty hook `AfterLastShipout' on input line 62.
 (d:/Stefan\Schule\HTL\Diplomarbeit\git\Fehlerbericht-Conrad\Fehlerbreicht.aux)
Package atveryend Info: Executing hook `AtVeryEndDocument' on input line 62.
Package atveryend Info: Executing hook `AtEndAfterFileList' on input line 62.
Package rerunfilecheck Info: File `Fehlerbreicht.out' has not changed.
(rerunfilecheck)             Checksum: D41D8CD98F00B204E9800998ECF8427E;0.
Package atveryend Info: Empty hook `AtVeryVeryEnd' on input line 62.
 ) 
Here is how much of TeX's memory you used:
 35782 strings out of 481165
 829244 string characters out of 2912168
 1327484 words of memory out of 3000000
 50786 multiletter control sequences out of 15000+200000
 539524 words of font info for 33 fonts, out of 3000000 for 9000
 1141 hyphenation exceptions out of 8191
 73i,13n,103p,10683b,609s stack positions out of 5000i,500n,10000p,200000b,50000s
{C:/Program Files/MiKTeX 2.9/fonts/enc/dvips/lm/lm-ts1.enc}{C:/Program Files/MiKTeX 2.9/fonts/enc/dvips/lm/lm-ec.enc}<C:/Program Files/MiKTeX 2.9/fonts/type1/public/lm/lmr12.pfb>
Output written on d:/Stefan\Schule\HTL\Diplomarbeit\git\Fehlerbericht-Conrad\Fehlerbreicht.pdf (1 page, 42321 bytes).
PDF statistics:
 23 PDF objects out of 1000 (max. 8388607)
 2 named destinations out of 1000 (max. 500000)
 18 words of extra memory for PDF output out of 10000 (max. 10000000)

